Downloading PlantUML...
  % Total    % Received % Xferd  Average Speed   Time    Time     Time  Current
                                 Dload  Upload   Total   Spent    Left  Speed
  0     0    0     0    0     0      0      0 --:--:-- --:--:-- --:--:--     0  0     0    0     0    0     0      0      0 --:--:-- --:--:-- --:--:--     0
100 1935k    0 1935k    0     0  4169k      0 --:--:-- --:--:-- --:--:-- 4169k100 11.2M    0 11.2M    0     0  22.1M      0 --:--:-- --:--:-- --:--:--  217M
✓ PlantUML downloaded
make: Circular diagrams <- illustrations/current_state_representation.png dependency dropped.
make: Circular illustrations/garbage_collection_lifecycle.png <- illustrations dependency dropped.
Generating diagram: illustrations/garbage_collection_lifecycle.png
✓ Generated: illustrations/garbage_collection_lifecycle.png
make: Circular illustrations/proposed_compressed_states.png <- illustrations dependency dropped.
Generating diagram: illustrations/proposed_compressed_states.png
✓ Generated: illustrations/proposed_compressed_states.png
make: Circular illustrations/state_minimization_algorithm.png <- illustrations dependency dropped.
Generating diagram: illustrations/state_minimization_algorithm.png
✓ Generated: illustrations/state_minimization_algorithm.png
make: Circular illustrations/memory_usage_comparison.png <- illustrations dependency dropped.
Checking Python dependencies...
✓ Python dependencies available
Generating performance charts...
Generating memory usage comparison chart...
Traceback (most recent call last):
  File "/home/runner/work/rmatch/rmatch/proposals/dfa-state-minimization/python/generate_charts.py", line 159, in <module>
    generate_memory_usage_comparison()
  File "/home/runner/work/rmatch/rmatch/proposals/dfa-state-minimization/python/generate_charts.py", line 37, in generate_memory_usage_comparison
    plt.savefig('illustrations/memory_usage_comparison.png', dpi=300, bbox_inches='tight')
  File "/home/runner/.local/lib/python3.12/site-packages/matplotlib/pyplot.py", line 1251, in savefig
    res = fig.savefig(*args, **kwargs)  # type: ignore[func-returns-value]
          ^^^^^^^^^^^^^^^^^^^^^^^^^^^^
  File "/home/runner/.local/lib/python3.12/site-packages/matplotlib/figure.py", line 3490, in savefig
    self.canvas.print_figure(fname, **kwargs)
  File "/home/runner/.local/lib/python3.12/site-packages/matplotlib/backend_bases.py", line 2186, in print_figure
    result = print_method(
             ^^^^^^^^^^^^^
  File "/home/runner/.local/lib/python3.12/site-packages/matplotlib/backend_bases.py", line 2042, in <lambda>
    print_method = functools.wraps(meth)(lambda *args, **kwargs: meth(
                                                                 ^^^^^
  File "/home/runner/.local/lib/python3.12/site-packages/matplotlib/backends/backend_agg.py", line 481, in print_png
    self._print_pil(filename_or_obj, "png", pil_kwargs, metadata)
  File "/home/runner/.local/lib/python3.12/site-packages/matplotlib/backends/backend_agg.py", line 430, in _print_pil
    mpl.image.imsave(
  File "/home/runner/.local/lib/python3.12/site-packages/matplotlib/image.py", line 1657, in imsave
    image.save(fname, **pil_kwargs)
  File "/home/runner/.local/lib/python3.12/site-packages/PIL/Image.py", line 2583, in save
    fp = builtins.open(filename, "w+b")
         ^^^^^^^^^^^^^^^^^^^^^^^^^^^^^^
FileNotFoundError: [Errno 2] No such file or directory: 'illustrations/memory_usage_comparison.png'
make: *** [Makefile:82: illustrations/memory_usage_comparison.png] Error 1
