\BOOKMARK [1][-]{section.1}{\376\377\000E\000x\000e\000c\000u\000t\000i\000v\000e\000\040\000S\000u\000m\000m\000a\000r\000y}{}% 1
\BOOKMARK [2][-]{subsection.1.1}{\376\377\000V\000i\000s\000i\000o\000n\000\040\000S\000t\000a\000t\000e\000m\000e\000n\000t}{section.1}% 2
\BOOKMARK [2][-]{subsection.1.2}{\376\377\000K\000e\000y\000\040\000S\000u\000c\000c\000e\000s\000s\000\040\000M\000e\000t\000r\000i\000c\000s}{section.1}% 3
\BOOKMARK [1][-]{section.2}{\376\377\000P\000r\000o\000b\000l\000e\000m\000\040\000S\000t\000a\000t\000e\000m\000e\000n\000t}{}% 4
\BOOKMARK [2][-]{subsection.2.1}{\376\377\000C\000u\000r\000r\000e\000n\000t\000\040\000S\000t\000a\000t\000e\000\040\000A\000n\000a\000l\000y\000s\000i\000s}{section.2}% 5
\BOOKMARK [2][-]{subsection.2.2}{\376\377\000M\000a\000r\000k\000e\000t\000\040\000O\000p\000p\000o\000r\000t\000u\000n\000i\000t\000y}{section.2}% 6
\BOOKMARK [1][-]{section.3}{\376\377\000R\000e\000q\000u\000i\000r\000e\000m\000e\000n\000t\000s}{}% 7
\BOOKMARK [2][-]{subsection.3.1}{\376\377\000F\000u\000n\000c\000t\000i\000o\000n\000a\000l\000\040\000R\000e\000q\000u\000i\000r\000e\000m\000e\000n\000t\000s}{section.3}% 8
\BOOKMARK [3][-]{subsubsection.3.1.1}{\376\377\000F\000R\0001\000:\000\040\000U\000n\000i\000v\000e\000r\000s\000a\000l\000\040\000D\000a\000t\000a\000\040\000S\000o\000u\000r\000c\000e\000\040\000I\000n\000t\000e\000g\000r\000a\000t\000i\000o\000n}{subsection.3.1}% 9
\BOOKMARK [3][-]{subsubsection.3.1.2}{\376\377\000F\000R\0002\000:\000\040\000H\000i\000g\000h\000-\000P\000e\000r\000f\000o\000r\000m\000a\000n\000c\000e\000\040\000P\000a\000t\000t\000e\000r\000n\000\040\000M\000a\000t\000c\000h\000i\000n\000g}{subsection.3.1}% 10
\BOOKMARK [3][-]{subsubsection.3.1.3}{\376\377\000F\000R\0003\000:\000\040\000U\000n\000i\000f\000i\000e\000d\000\040\000Q\000u\000e\000r\000y\000\040\000I\000n\000t\000e\000r\000f\000a\000c\000e}{subsection.3.1}% 11
\BOOKMARK [3][-]{subsubsection.3.1.4}{\376\377\000F\000R\0004\000:\000\040\000I\000n\000t\000e\000l\000l\000i\000g\000e\000n\000t\000\040\000C\000a\000c\000h\000i\000n\000g\000\040\000a\000n\000d\000\040\000I\000n\000d\000e\000x\000i\000n\000g}{subsection.3.1}% 12
\BOOKMARK [3][-]{subsubsection.3.1.5}{\376\377\000F\000R\0005\000:\000\040\000S\000e\000c\000u\000r\000i\000t\000y\000\040\000a\000n\000d\000\040\000P\000r\000i\000v\000a\000c\000y\000\040\000F\000r\000a\000m\000e\000w\000o\000r\000k}{subsection.3.1}% 13
\BOOKMARK [2][-]{subsection.3.2}{\376\377\000N\000o\000n\000-\000F\000u\000n\000c\000t\000i\000o\000n\000a\000l\000\040\000R\000e\000q\000u\000i\000r\000e\000m\000e\000n\000t\000s}{section.3}% 14
\BOOKMARK [3][-]{subsubsection.3.2.1}{\376\377\000N\000F\000R\0001\000:\000\040\000P\000e\000r\000f\000o\000r\000m\000a\000n\000c\000e}{subsection.3.2}% 15
\BOOKMARK [3][-]{subsubsection.3.2.2}{\376\377\000N\000F\000R\0002\000:\000\040\000S\000c\000a\000l\000a\000b\000i\000l\000i\000t\000y}{subsection.3.2}% 16
\BOOKMARK [3][-]{subsubsection.3.2.3}{\376\377\000N\000F\000R\0003\000:\000\040\000R\000e\000l\000i\000a\000b\000i\000l\000i\000t\000y}{subsection.3.2}% 17
\BOOKMARK [1][-]{section.4}{\376\377\000T\000e\000c\000h\000n\000i\000c\000a\000l\000\040\000A\000r\000c\000h\000i\000t\000e\000c\000t\000u\000r\000e}{}% 18
\BOOKMARK [2][-]{subsection.4.1}{\376\377\000H\000i\000g\000h\000-\000L\000e\000v\000e\000l\000\040\000S\000y\000s\000t\000e\000m\000\040\000D\000e\000s\000i\000g\000n}{section.4}% 19
\BOOKMARK [3][-]{subsubsection.4.1.1}{\376\377\000Q\000u\000e\000r\000y\000\040\000G\000a\000t\000e\000w\000a\000y}{subsection.4.1}% 20
\BOOKMARK [3][-]{subsubsection.4.1.2}{\376\377\000r\000m\000a\000t\000c\000h\000\040\000P\000a\000t\000t\000e\000r\000n\000\040\000M\000a\000t\000c\000h\000i\000n\000g\000\040\000E\000n\000g\000i\000n\000e}{subsection.4.1}% 21
\BOOKMARK [3][-]{subsubsection.4.1.3}{\376\377\000D\000a\000t\000a\000\040\000S\000o\000u\000r\000c\000e\000\040\000C\000o\000n\000n\000e\000c\000t\000o\000r\000s}{subsection.4.1}% 22
\BOOKMARK [2][-]{subsection.4.2}{\376\377\000D\000a\000t\000a\000\040\000F\000l\000o\000w\000\040\000A\000r\000c\000h\000i\000t\000e\000c\000t\000u\000r\000e}{section.4}% 23
\BOOKMARK [1][-]{section.5}{\376\377\000P\000e\000r\000f\000o\000r\000m\000a\000n\000c\000e\000\040\000C\000o\000n\000s\000i\000d\000e\000r\000a\000t\000i\000o\000n\000s}{}% 24
\BOOKMARK [2][-]{subsection.5.1}{\376\377\000r\000m\000a\000t\000c\000h\000\040\000I\000n\000t\000e\000g\000r\000a\000t\000i\000o\000n\000\040\000B\000e\000n\000e\000f\000i\000t\000s}{section.5}% 25
\BOOKMARK [2][-]{subsection.5.2}{\376\377\000P\000e\000r\000f\000o\000r\000m\000a\000n\000c\000e\000\040\000O\000p\000t\000i\000m\000i\000z\000a\000t\000i\000o\000n\000\040\000S\000t\000r\000a\000t\000e\000g\000i\000e\000s}{section.5}% 26
\BOOKMARK [3][-]{subsubsection.5.2.1}{\376\377\000P\000a\000t\000t\000e\000r\000n\000\040\000C\000o\000m\000p\000i\000l\000a\000t\000i\000o\000n\000\040\000O\000p\000t\000i\000m\000i\000z\000a\000t\000i\000o\000n}{subsection.5.2}% 27
\BOOKMARK [3][-]{subsubsection.5.2.2}{\376\377\000M\000e\000m\000o\000r\000y\000\040\000M\000a\000n\000a\000g\000e\000m\000e\000n\000t}{subsection.5.2}% 28
\BOOKMARK [1][-]{section.6}{\376\377\000S\000e\000c\000u\000r\000i\000t\000y\000\040\000a\000n\000d\000\040\000P\000r\000i\000v\000a\000c\000y\000\040\000F\000r\000a\000m\000e\000w\000o\000r\000k}{}% 29
\BOOKMARK [2][-]{subsection.6.1}{\376\377\000D\000a\000t\000a\000\040\000S\000o\000v\000e\000r\000e\000i\000g\000n\000t\000y\000\040\000C\000o\000m\000p\000l\000i\000a\000n\000c\000e}{section.6}% 30
\BOOKMARK [2][-]{subsection.6.2}{\376\377\000P\000r\000i\000v\000a\000c\000y\000-\000P\000r\000e\000s\000e\000r\000v\000i\000n\000g\000\040\000T\000e\000c\000h\000n\000i\000q\000u\000e\000s}{section.6}% 31
\BOOKMARK [1][-]{section.7}{\376\377\000I\000m\000p\000l\000e\000m\000e\000n\000t\000a\000t\000i\000o\000n\000\040\000R\000o\000a\000d\000m\000a\000p}{}% 32
\BOOKMARK [2][-]{subsection.7.1}{\376\377\000P\000h\000a\000s\000e\000\040\0001\000:\000\040\000F\000o\000u\000n\000d\000a\000t\000i\000o\000n\000\040\000\050\000M\000o\000n\000t\000h\000s\000\040\0001\000-\0006\000\051}{section.7}% 33
\BOOKMARK [2][-]{subsection.7.2}{\376\377\000P\000h\000a\000s\000e\000\040\0002\000:\000\040\000S\000c\000a\000l\000e\000\040\000\050\000M\000o\000n\000t\000h\000s\000\040\0007\000-\0001\0002\000\051}{section.7}% 34
\BOOKMARK [2][-]{subsection.7.3}{\376\377\000P\000h\000a\000s\000e\000\040\0003\000:\000\040\000I\000n\000t\000e\000l\000l\000i\000g\000e\000n\000c\000e\000\040\000\050\000M\000o\000n\000t\000h\000s\000\040\0001\0003\000-\0001\0008\000\051}{section.7}% 35
\BOOKMARK [1][-]{section.8}{\376\377\000R\000i\000s\000k\000\040\000A\000n\000a\000l\000y\000s\000i\000s}{}% 36
\BOOKMARK [2][-]{subsection.8.1}{\376\377\000T\000e\000c\000h\000n\000i\000c\000a\000l\000\040\000R\000i\000s\000k\000s}{section.8}% 37
\BOOKMARK [2][-]{subsection.8.2}{\376\377\000B\000u\000s\000i\000n\000e\000s\000s\000\040\000R\000i\000s\000k\000s}{section.8}% 38
\BOOKMARK [1][-]{section.9}{\376\377\000S\000u\000c\000c\000e\000s\000s\000\040\000M\000e\000t\000r\000i\000c\000s\000\040\000a\000n\000d\000\040\000K\000P\000I\000s}{}% 39
\BOOKMARK [2][-]{subsection.9.1}{\376\377\000P\000e\000r\000f\000o\000r\000m\000a\000n\000c\000e\000\040\000M\000e\000t\000r\000i\000c\000s}{section.9}% 40
\BOOKMARK [2][-]{subsection.9.2}{\376\377\000B\000u\000s\000i\000n\000e\000s\000s\000\040\000M\000e\000t\000r\000i\000c\000s}{section.9}% 41
\BOOKMARK [1][-]{section.10}{\376\377\000C\000o\000n\000c\000l\000u\000s\000i\000o\000n}{}% 42
\BOOKMARK [1][-]{appendix.A}{\376\377\000I\000m\000p\000l\000e\000m\000e\000n\000t\000a\000t\000i\000o\000n\000\040\000H\000i\000n\000t\000s\000\040\000a\000n\000d\000\040\000T\000e\000c\000h\000n\000i\000c\000a\000l\000\040\000D\000e\000t\000a\000i\000l\000s}{}% 43
\BOOKMARK [2][-]{subsection.A.1}{\376\377\000r\000m\000a\000t\000c\000h\000\040\000I\000n\000t\000e\000g\000r\000a\000t\000i\000o\000n\000\040\000P\000a\000t\000t\000e\000r\000n\000s}{appendix.A}% 44
\BOOKMARK [3][-]{subsubsection.A.1.1}{\376\377\000P\000a\000t\000t\000e\000r\000n\000\040\000C\000o\000m\000p\000i\000l\000a\000t\000i\000o\000n\000\040\000O\000p\000t\000i\000m\000i\000z\000a\000t\000i\000o\000n}{subsection.A.1}% 45
\BOOKMARK [3][-]{subsubsection.A.1.2}{\376\377\000M\000e\000m\000o\000r\000y\000-\000E\000f\000f\000i\000c\000i\000e\000n\000t\000\040\000S\000t\000a\000t\000e\000\040\000M\000a\000n\000a\000g\000e\000m\000e\000n\000t}{subsection.A.1}% 46
\BOOKMARK [2][-]{subsection.A.2}{\376\377\000D\000i\000s\000t\000r\000i\000b\000u\000t\000e\000d\000\040\000Q\000u\000e\000r\000y\000\040\000P\000r\000o\000c\000e\000s\000s\000i\000n\000g}{appendix.A}% 47
\BOOKMARK [3][-]{subsubsection.A.2.1}{\376\377\000Q\000u\000e\000r\000y\000\040\000S\000h\000a\000r\000d\000i\000n\000g\000\040\000S\000t\000r\000a\000t\000e\000g\000y}{subsection.A.2}% 48
\BOOKMARK [3][-]{subsubsection.A.2.2}{\376\377\000R\000e\000s\000u\000l\000t\000\040\000A\000g\000g\000r\000e\000g\000a\000t\000i\000o\000n\000\040\000a\000n\000d\000\040\000D\000e\000d\000u\000p\000l\000i\000c\000a\000t\000i\000o\000n}{subsection.A.2}% 49
\BOOKMARK [2][-]{subsection.A.3}{\376\377\000P\000e\000r\000f\000o\000r\000m\000a\000n\000c\000e\000\040\000O\000p\000t\000i\000m\000i\000z\000a\000t\000i\000o\000n\000\040\000T\000e\000c\000h\000n\000i\000q\000u\000e\000s}{appendix.A}% 50
\BOOKMARK [3][-]{subsubsection.A.3.1}{\376\377\000J\000I\000T\000\040\000C\000o\000m\000p\000i\000l\000a\000t\000i\000o\000n\000\040\000O\000p\000t\000i\000m\000i\000z\000a\000t\000i\000o\000n}{subsection.A.3}% 51
\BOOKMARK [3][-]{subsubsection.A.3.2}{\376\377\000C\000P\000U\000\040\000C\000a\000c\000h\000e\000\040\000O\000p\000t\000i\000m\000i\000z\000a\000t\000i\000o\000n}{subsection.A.3}% 52
\BOOKMARK [2][-]{subsection.A.4}{\376\377\000S\000c\000a\000l\000a\000b\000i\000l\000i\000t\000y\000\040\000P\000a\000t\000t\000e\000r\000n\000s}{appendix.A}% 53
\BOOKMARK [3][-]{subsubsection.A.4.1}{\376\377\000R\000e\000a\000c\000t\000i\000v\000e\000\040\000S\000t\000r\000e\000a\000m\000s\000\040\000I\000n\000t\000e\000g\000r\000a\000t\000i\000o\000n}{subsection.A.4}% 54
\BOOKMARK [2][-]{subsection.A.5}{\376\377\000M\000o\000n\000i\000t\000o\000r\000i\000n\000g\000\040\000a\000n\000d\000\040\000O\000b\000s\000e\000r\000v\000a\000b\000i\000l\000i\000t\000y}{appendix.A}% 55
\BOOKMARK [3][-]{subsubsection.A.5.1}{\376\377\000P\000e\000r\000f\000o\000r\000m\000a\000n\000c\000e\000\040\000M\000e\000t\000r\000i\000c\000s\000\040\000C\000o\000l\000l\000e\000c\000t\000i\000o\000n}{subsection.A.5}% 56
\BOOKMARK [2][-]{subsection.A.6}{\376\377\000S\000e\000c\000u\000r\000i\000t\000y\000\040\000I\000m\000p\000l\000e\000m\000e\000n\000t\000a\000t\000i\000o\000n\000\040\000D\000e\000t\000a\000i\000l\000s}{appendix.A}% 57
\BOOKMARK [3][-]{subsubsection.A.6.1}{\376\377\000Q\000u\000e\000r\000y\000\040\000S\000a\000n\000i\000t\000i\000z\000a\000t\000i\000o\000n}{subsection.A.6}% 58
\BOOKMARK [3][-]{subsubsection.A.6.2}{\376\377\000D\000a\000t\000a\000\040\000E\000n\000c\000r\000y\000p\000t\000i\000o\000n\000\040\000a\000n\000d\000\040\000P\000r\000i\000v\000a\000c\000y}{subsection.A.6}% 59
\BOOKMARK [2][-]{subsection.A.7}{\376\377\000D\000a\000t\000a\000\040\000S\000o\000u\000r\000c\000e\000\040\000I\000n\000t\000e\000g\000r\000a\000t\000i\000o\000n\000\040\000P\000a\000t\000t\000e\000r\000n\000s}{appendix.A}% 60
\BOOKMARK [3][-]{subsubsection.A.7.1}{\376\377\000A\000d\000a\000p\000t\000i\000v\000e\000\040\000P\000r\000o\000t\000o\000c\000o\000l\000\040\000H\000a\000n\000d\000l\000i\000n\000g}{subsection.A.7}% 61
\BOOKMARK [2][-]{subsection.A.8}{\376\377\000A\000d\000v\000a\000n\000c\000e\000d\000\040\000C\000a\000c\000h\000i\000n\000g\000\040\000S\000t\000r\000a\000t\000e\000g\000i\000e\000s}{appendix.A}% 62
\BOOKMARK [3][-]{subsubsection.A.8.1}{\376\377\000I\000n\000t\000e\000l\000l\000i\000g\000e\000n\000t\000\040\000C\000a\000c\000h\000e\000\040\000W\000a\000r\000m\000i\000n\000g}{subsection.A.8}% 63
\BOOKMARK [2][-]{subsection.A.9}{\376\377\000T\000e\000s\000t\000i\000n\000g\000\040\000a\000n\000d\000\040\000V\000a\000l\000i\000d\000a\000t\000i\000o\000n\000\040\000S\000t\000r\000a\000t\000e\000g\000i\000e\000s}{appendix.A}% 64
\BOOKMARK [3][-]{subsubsection.A.9.1}{\376\377\000P\000e\000r\000f\000o\000r\000m\000a\000n\000c\000e\000\040\000T\000e\000s\000t\000i\000n\000g\000\040\000F\000r\000a\000m\000e\000w\000o\000r\000k}{subsection.A.9}% 65
\BOOKMARK [3][-]{subsubsection.A.9.2}{\376\377\000C\000h\000a\000o\000s\000\040\000E\000n\000g\000i\000n\000e\000e\000r\000i\000n\000g\000\040\000I\000n\000t\000e\000g\000r\000a\000t\000i\000o\000n}{subsection.A.9}% 66
